<?xml version="1.0" encoding="UTF-8"?>
<!-- Generated by org.testng.reporters.JUnitReportReporter -->
<testsuite hostname="Abishas-MacBook-Air.local" failures="0" tests="1" name="testCases.TC_002_LoginTest" time="0.798" errors="0" timestamp="27 Jun 2025 18:57:03 GMT" skipped="0">
  <testcase classname="testCases.TC_002_LoginTest" name="verify_login" time="0.798"/>
</testsuite> <!-- testCases.TC_002_LoginTest -->
