<?xml version="1.0" encoding="UTF-8"?>
<!-- Generated by org.testng.reporters.JUnitReportReporter -->
<testsuite hostname="Abishas-MacBook-Air.local" failures="0" tests="1" name="testCases.TC_001_AccountRegistrationPage" time="1.274" errors="0" timestamp="27 Jun 2025 18:57:03 GMT" skipped="0">
  <testcase classname="testCases.TC_001_AccountRegistrationPage" name="verify_account_registration" time="1.274"/>
</testsuite> <!-- testCases.TC_001_AccountRegistrationPage -->
