<?xml version="1.0" encoding="UTF-8"?>
<!-- Generated by org.testng.reporters.JUnitReportReporter -->
<testsuite hostname="Abishas-MacBook-Air.local" failures="0" tests="1" name="testCases.TC_001_AccountRegistrationPage" time="0.984" errors="0" timestamp="2025-06-28T10:53:07 IST" skipped="0">
  <testcase classname="testCases.TC_001_AccountRegistrationPage" name="verify_account_registration" time="0.984"/>
</testsuite> <!-- testCases.TC_001_AccountRegistrationPage -->
