<?xml version="1.0" encoding="UTF-8"?>
<!-- Generated by org.testng.reporters.JUnitReportReporter -->
<testsuite hostname="Abishas-MacBook-Air.local" failures="0" tests="1" name="testCases.TC_002_LoginTest" time="0.473" errors="0" timestamp="2025-06-28T10:53:07 IST" skipped="0">
  <testcase classname="testCases.TC_002_LoginTest" name="verify_login" time="0.473"/>
</testsuite> <!-- testCases.TC_002_LoginTest -->
